
 -----------------------------------------------
      Restrained ESP Fit 2.3  Amber 4.1
 -----------------------------------------------
 Resp charges for organic molecule                                               
 -----------------------------------------------


 inopt       =     0   ioutopt     =     1
 nmol        =     1   iqopt       =     2
 ihfree      =     1   irstrnt     =     1
 iunits      =     0   qwt         =   0.00100000
 wtmol(1) =     1.000000
 subtitle:

Resp charges for organic molecule                                               
ich =   0  iuniq =  78
    1    6  -99
    2    6  -99
    3    6  -99
    4    6    0
    5    6    0
    6    6    0
    7    6    0
    8    6    0
    9    6    0
   10    6    0
   11    6  -99
   12    6  -99
   13    6  -99
   14    6  -99
   15    6  -99
   16    6  -99
   17    6  -99
   18    6  -99
   19    6  -99
   20    6  -99
   21    6  -99
   22    6  -99
   23    6  -99
   24    7  -99
   25    7  -99
   26    7  -99
   27    7  -99
   28    7  -99
   29    7  -99
   30    7  -99
   31    8  -99
   32    8  -99
   33    1  -99
   34    1    0
   35    1   34
   36    1    0
   37    1   36
   38    1    0
   39    1   38
   40    1    0
   41    1   40
   42    1    0
   43    1   42
   44    1  -99
   45    1  -99
   46    1  -99
   47    1  -99
   48    1  -99
   49    1  -99
   50    1  -99
   51    1  -99
   52    1  -99
   53    1  -99
   54    6  -99
   55    6  -99
   56    8  -99
   57    7  -99
   58    6  -99
   59    6  -99
   60    8  -99
   61    7  -99
   62    6  -99
   63    1  -99
   64    1  -99
   65    1  -99
   66    1  -99
   67    1  -99
   68    1  -99
   69    1  -99
   70    6    0
   71   16  -99
   72    1    0
   73    1   72
   74    1  -99
   75    1    0
   76    1   75
   77    1    0
   78    1   77
 new q0 values to be read  78

  ----------------------------------------------------------------------------
     ATOM                       COORDINATES                         CHARGE
                       X             Y                Z
  ----------------------------------------------------------------------------
  ----------------------------------------------------------------------------


 Charge on the molecule(ich) =    0
 Total number of atoms (iuniq)     =   78
 Weight factor on initial charge restraints(qwt)=     0.10000D-02


  there are  1 charge constraints:


     1       1
     2       1
     3       1
     4       1
     5       1
     6       1
     7       1
     8       1
     9       1
    10       1
    11       1
    12       1
    13       1
    14       1
    15       1
    16       1
    17       1
    18       1
    19       1
    20       1
    21       1
    22       1
    23       1
    24       1
    25       1
    26       1
    27       1
    28       1
    29       1
    30       1
    31       1
    32       1
    33       1
    34       1
    35       1
    36       1
    37       1
    38       1
    39       1
    40       1
    41       1
    42       1
    43       1
    44       1
    45       1
    46       1
    47       1
    48       1
    49       1
    50       1
    51       1
    52       1
    53       1
    54       1
    55       1
    56       1
    57       1
    58       1
    59       1
    60       1
    61       1
    62       1
    63       1
    64       1
    65       1
    66       1
    67       1
    68       1
    69       1
    70       1
    71       1
    72       1
    73       1
    74       1
    75       1
    76       1
    77       1
    78       1

 Reading esp"s for molecule   1
 total number of atoms      =    78
 total number of esp points =  3118


 center     X       Y       Z 
    1  -0.3835539E+00  -0.8567394E+00  -0.5831279E+00
    2  -0.2624043E+01   0.9917301E+00  -0.6775424E+00
    3  -0.4378285E+01  -0.1178017E+00   0.3644008E+01
    4  -0.6393058E+01  -0.2029279E+01   0.2751069E+01
    5  -0.8871631E+01  -0.6402127E+00   0.1859322E+01
    6  -0.3786427E+01   0.4294391E+01   0.2246132E+01
    7  -0.3178687E+01   0.5523132E+01  -0.2959273E+00
    8  -0.1738622E+01   0.3540090E+01  -0.1774628E+01
    9   0.3798907E+01  -0.1799873E+01   0.1288725E+01
   10   0.5466786E+01  -0.1157467E+01  -0.1004692E+01
   11   0.8079601E+01  -0.2201123E+01  -0.8820013E+00
   12   0.1030890E+02  -0.9137543E+00  -0.1084701E+01
   13   0.1232505E+02  -0.2718775E+01  -0.8465103E+00
   14   0.1501181E+02  -0.2668868E+01  -0.8040765E+00
   15   0.1651368E+02  -0.3104990E+00  -0.8360639E+00
   16   0.1610336E+02   0.2177477E+01   0.7052268E-01
   17   0.1400896E+02   0.3132064E+01   0.1439011E+01
   18   0.1406331E+02   0.5746959E+01   0.1950097E+01
   19   0.1615271E+02   0.7199888E+01   0.1144223E+01
   20   0.1899411E+02   0.3979763E-02  -0.1855012E+01
   21   0.1628512E+02  -0.5012923E+01  -0.7593429E+00
   22   0.1490623E+02  -0.7285153E+01  -0.6668805E+00
   23   0.1118111E+02  -0.5151111E+01  -0.6722606E+00
   24  -0.3666119E+01   0.1566229E+01   0.1844478E+01
   25   0.1426768E+01  -0.4080542E+00   0.1144222E+01
   26   0.1822668E+02   0.6246603E+01  -0.2467226E-01
   27   0.1807738E+02   0.3781446E+01  -0.4975006E+00
   28   0.1989629E+02   0.2367702E+01  -0.1646273E+01
   29   0.1236557E+02  -0.7430399E+01  -0.5779651E+00
   30   0.8608265E+01  -0.4745958E+01  -0.6044496E+00
   31  -0.3070332E+00  -0.2637383E+01  -0.2071340E+01
   32  -0.4263477E+01   0.3740448E+00   0.5916634E+01
   33  -0.4118425E+01   0.2253045E+00  -0.1871772E+01
   34  -0.2373759E+01   0.4824136E+01   0.3653895E+01
   35  -0.5651586E+01   0.4881636E+01   0.2900658E+01
   36  -0.2142543E+01   0.7292186E+01  -0.1025006E+00
   37  -0.4935420E+01   0.5919385E+01  -0.1295220E+01
   38   0.2784587E+00   0.3845502E+01  -0.1485234E+01
   39  -0.2081754E+01   0.3675353E+01  -0.3801006E+01
   40   0.3432393E+01  -0.3824324E+01   0.1401954E+01
   41   0.4742802E+01  -0.1256641E+01   0.3037623E+01
   42   0.5584686E+01   0.8940218E+00  -0.1181668E+01
   43   0.4566706E+01  -0.1806321E+01  -0.2737179E+01
   44   0.1049579E+02   0.1095884E+01  -0.1386653E+01
   45   0.1247544E+02   0.1965529E+01   0.2078929E+01
   46   0.1253237E+02   0.6630438E+01   0.2975925E+01
   47   0.1622102E+02   0.9200817E+01   0.1556577E+01
   48   0.2017573E+02  -0.1399182E+01  -0.2750192E+01
   49   0.1832354E+02  -0.5093994E+01  -0.7739637E+00
   50   0.1590176E+02  -0.9063867E+01  -0.6536033E+00
   51   0.1275149E+01   0.1146824E+01   0.2266796E+01
   52   0.7278540E+01  -0.6112351E+01  -0.4059982E+00
   53  -0.1995477E+02  -0.5597321E+01  -0.2943407E+01
   54  -0.2170140E+02  -0.3920269E+01  -0.1577424E+01
   55  -0.2039053E+02  -0.1456168E+01  -0.8057905E+00
   56  -0.2145741E+02   0.5574729E+00  -0.1243670E+01
   57  -0.1805258E+02  -0.1654529E+01   0.2280975E+00
   58  -0.1636143E+02   0.4779514E+00   0.8479767E+00
   59  -0.1533052E+02   0.1707352E+01  -0.1587136E+01
   60  -0.1316056E+02   0.1280482E+01  -0.2274778E+01
   61  -0.1698503E+02   0.3179831E+01  -0.2820463E+01
   62  -0.1700405E+02   0.4028788E+01  -0.5443244E+01
   63  -0.1440179E+02   0.4606525E+01  -0.6566503E+01
   64  -0.1726471E+02  -0.3393116E+01   0.3833914E+00
   65  -0.1863104E+02   0.3510066E+01  -0.1906860E+01
   66  -0.2295252E+02  -0.5366106E+01   0.6644995E+00
   67  -0.2320888E+02  -0.3402960E+01  -0.2886124E+01
   68  -0.1891294E+02   0.6233497E+01  -0.5761378E+01
   69  -0.1773645E+02   0.2435390E+01  -0.6532964E+01
   70  -0.1428267E+02  -0.8579545E-01   0.2885347E+01
   71  -0.1180884E+02  -0.2456863E+01   0.2262901E+01
   72  -0.1336247E+02   0.1682529E+01   0.3404993E+01
   73  -0.1523454E+02  -0.7077704E+00   0.4604699E+01
   74  -0.1757274E+02   0.1902937E+01   0.1718541E+01
   75  -0.6803898E+01  -0.3252398E+01   0.4353498E+01
   76  -0.5619129E+01  -0.3271456E+01   0.1310413E+01
   77  -0.8659210E+01  -0.1367973E+00  -0.1270897E+00
   78  -0.9145274E+01   0.1121465E+01   0.2896976E+01
 Initial ssvpot =     1.163


 Number of unique UNfrozen centers=   16

 Non-linear optimization requested.
 qchnge =    0.3312563293E-01
 qchnge =    0.1985716709E-02
 qchnge =    0.4549796863E-03
 qchnge =    0.1343201258E-03
 qchnge =    0.4617927787E-04
 qchnge =    0.1748563620E-04
 qchnge =    0.6952480963E-05
 qchnge =    0.2824154600E-05
 qchnge =    0.1157458954E-05
 qchnge =    0.4761459868E-06

 Convergence in    9 iterations


Resp charges for organic molecule                                               

          Point Charges Before & After Optimization

    no.  At.no.    q(init)       q(opt)     ivary    d(rstr)/dq
    1   6       0.326788       0.326788    -99       0.002926
    2   6       0.037112       0.037112    -99       0.009375
    3   6       0.189909       0.189909    -99       0.004659
    4   6       0.294441       0.293588      0       0.003224
    5   6      -0.132098      -0.182543      0       0.004804
    6   6      -0.043908      -0.123443      0       0.006294
    7   6      -0.048809      -0.116612      0       0.006510
    8   6       0.000422       0.104413      0       0.006917
    9   6      -0.068399      -0.155440      0       0.005410
   10   6       0.090240       0.092445      0       0.007343
   11   6       0.046697       0.046697    -99       0.009061
   12   6      -0.431903      -0.431903    -99       0.002256
   13   6       0.032019       0.032019    -99       0.009524
   14   6       0.076691       0.076691    -99       0.007935
   15   6      -0.137368      -0.137368    -99       0.005885
   16   6      -0.002520      -0.002520    -99       0.009997
   17   6      -0.066898      -0.066898    -99       0.008312
   18   6      -0.299369      -0.299369    -99       0.003168
   19   6       0.158741       0.158741    -99       0.005330
   20   6       0.066414       0.066414    -99       0.008330
   21   6      -0.371193      -0.371193    -99       0.002601
   22   6       0.239154       0.239154    -99       0.003858
   23   6       0.535085       0.535085    -99       0.001837
   24   7      -0.100080      -0.100080    -99       0.007068
   25   7      -0.254057      -0.254057    -99       0.003663
   26   7      -0.488857      -0.488857    -99       0.002004
   27   7       0.700194       0.700194    -99       0.001414
   28   7      -0.587611      -0.587611    -99       0.001678
   29   7      -0.629146      -0.629146    -99       0.001570
   30   7      -0.477179      -0.477179    -99       0.002051
   31   8      -0.532516      -0.532516    -99       0.001846
   32   8      -0.499504      -0.499504    -99       0.001963
   33   1       0.067370       0.067370    -99       0.000000
   34   1       0.052186       0.089148      0       0.000000
   35   1       0.067321       0.089148     34       0.000000
   36   1       0.047825       0.055207      0       0.000000
   37   1       0.022839       0.055207     36       0.000000
   38   1       0.001455      -0.000413      0       0.000000
   39   1       0.053191      -0.000413     38       0.000000
   40   1       0.098940       0.109948      0       0.000000
   41   1       0.062282       0.109948     40       0.000000
   42   1       0.021032       0.055032      0       0.000000
   43   1       0.074277       0.055032     42       0.000000
   44   1       0.194059       0.194059    -99       0.000000
   45   1       0.173414       0.173414    -99       0.000000
   46   1       0.174217       0.174217    -99       0.000000
   47   1       0.144085       0.144085    -99       0.000000
   48   1       0.188044       0.188044    -99       0.000000
   49   1       0.150179       0.150179    -99       0.000000
   50   1       0.104063       0.104063    -99       0.000000
   51   1       0.274243       0.274243    -99       0.000000
   52   1       0.368038       0.368038    -99       0.000000
   53   1       0.119421       0.119421    -99       0.000000
   54   6      -0.616112      -0.616112    -99       0.001602
   55   6       0.691124       0.691124    -99       0.001432
   56   8      -0.557104      -0.557104    -99       0.001767
   57   7      -0.403821      -0.403821    -99       0.002404
   58   6      -0.003200      -0.003200    -99       0.009995
   59   6       0.424475       0.424475    -99       0.002293
   60   8      -0.479319      -0.479319    -99       0.002042
   61   7      -0.125291      -0.125291    -99       0.006238
   62   6      -0.509686      -0.509686    -99       0.001925
   63   1       0.119421       0.119421    -99       0.000000
   64   1       0.331311       0.331311    -99       0.000000
   65   1       0.238789       0.238789    -99       0.000000
   66   1       0.119421       0.119421    -99       0.000000
   67   1       0.241940       0.241940    -99       0.000000
   68   1       0.119421       0.119421    -99       0.000000
   69   1       0.240610       0.240610    -99       0.000000
   70   6      -0.068778      -0.100723      0       0.007046
   71  16      -0.334747      -0.334747    -99       0.002862
   72   1       0.105767       0.120106      0       0.000000
   73   1       0.100769       0.120106     72       0.000000
   74   1       0.064620       0.064620    -99       0.000000
   75   1      -0.024082       0.009131      0       0.000000
   76   1       0.023960       0.009131     75       0.000000
   77   1       0.072542       0.131205      0       0.000000
   78   1       0.147002       0.131205     77       0.000000

 Sum over the calculated charges:     -0.000

        Statistics of the fitting:
  The initial sum of squares (ssvpot)                      1.163
  The residual sum of squares (chipot)                     0.018
  The std err of estimate (sqrt(chipot/N))               0.00238
  ESP relative RMS (SQRT(chipot/ssvpot))                 0.12327

 Center of Mass (Angst.):

 X  =   0.00000      Y  =   0.00000      Z  =   0.00000

 Dipole (Debye):

 X  =  -6.40280      Y  =   4.31035      Z  =   1.74964

 Dipole Moment (Debye)=   7.91430

 Quadrupole (Debye*Angst.):

 Qxx = -79.10318     QYY =  75.93439     QZZ =   3.16878
 Qxy =  30.17033     QXZ =  66.86169     QYZ =  27.96068
